0 info it worked if it ends with ok
1 verbose cli [ '/usr/local/bin/node',
1 verbose cli   '/usr/local/lib/node_modules/npm/bin/npm-cli.js',
1 verbose cli   'run',
1 verbose cli   'start' ]
2 info using npm@3.10.10
3 info using node@v7.3.0
4 verbose run-script [ 'prestart', 'start', 'poststart' ]
5 info lifecycle physics-module-ammonext@0.0.1-dev.1~prestart: physics-module-ammonext@0.0.1-dev.1
6 silly lifecycle physics-module-ammonext@0.0.1-dev.1~prestart: no script for prestart, continuing
7 info lifecycle physics-module-ammonext@0.0.1-dev.1~start: physics-module-ammonext@0.0.1-dev.1
8 verbose lifecycle physics-module-ammonext@0.0.1-dev.1~start: unsafe-perm in lifecycle true
9 verbose lifecycle physics-module-ammonext@0.0.1-dev.1~start: PATH: /usr/local/lib/node_modules/npm/bin/node-gyp-bin:/Users/utrobin/physics-module-ammonext/node_modules/.bin:/usr/local/bin:/usr/bin:/bin:/usr/sbin:/sbin
10 verbose lifecycle physics-module-ammonext@0.0.1-dev.1~start: CWD: /Users/utrobin/physics-module-ammonext
11 silly lifecycle physics-module-ammonext@0.0.1-dev.1~start: Args: [ '-c', 'gulp dev --port 8001' ]
12 silly lifecycle physics-module-ammonext@0.0.1-dev.1~start: Returned: code: 1  signal: null
13 info lifecycle physics-module-ammonext@0.0.1-dev.1~start: Failed to exec start script
14 verbose stack Error: physics-module-ammonext@0.0.1-dev.1 start: `gulp dev --port 8001`
14 verbose stack Exit status 1
14 verbose stack     at EventEmitter.<anonymous> (/usr/local/lib/node_modules/npm/lib/utils/lifecycle.js:255:16)
14 verbose stack     at emitTwo (events.js:106:13)
14 verbose stack     at EventEmitter.emit (events.js:191:7)
14 verbose stack     at ChildProcess.<anonymous> (/usr/local/lib/node_modules/npm/lib/utils/spawn.js:40:14)
14 verbose stack     at emitTwo (events.js:106:13)
14 verbose stack     at ChildProcess.emit (events.js:191:7)
14 verbose stack     at maybeClose (internal/child_process.js:885:16)
14 verbose stack     at Process.ChildProcess._handle.onexit (internal/child_process.js:226:5)
15 verbose pkgid physics-module-ammonext@0.0.1-dev.1
16 verbose cwd /Users/utrobin/physics-module-ammonext
17 error Darwin 16.3.0
18 error argv "/usr/local/bin/node" "/usr/local/lib/node_modules/npm/bin/npm-cli.js" "run" "start"
19 error node v7.3.0
20 error npm  v3.10.10
21 error code ELIFECYCLE
22 error physics-module-ammonext@0.0.1-dev.1 start: `gulp dev --port 8001`
22 error Exit status 1
23 error Failed at the physics-module-ammonext@0.0.1-dev.1 start script 'gulp dev --port 8001'.
23 error Make sure you have the latest version of node.js and npm installed.
23 error If you do, this is most likely a problem with the physics-module-ammonext package,
23 error not with npm itself.
23 error Tell the author that this fails on your system:
23 error     gulp dev --port 8001
23 error You can get information on how to open an issue for this project with:
23 error     npm bugs physics-module-ammonext
23 error Or if that isn't available, you can get their info via:
23 error     npm owner ls physics-module-ammonext
23 error There is likely additional logging output above.
24 verbose exit [ 1, true ]
